<?xml version="1.0" encoding="UTF-8"?>
<!-- Generated by org.testng.reporters.JUnitReportReporter -->
<testsuite skipped="0" hostname="DESKTOP-8H6BFL0" name="com.tests.TheScoreTest" tests="1" failures="0" timestamp="06 Jul 2021 15:16:20 GMT" time="30.978" errors="0">
  <testcase name="getStarted_NavigatingToLeagues" time="30.978" classname="com.tests.TheScoreTest"/>
</testsuite> <!-- com.tests.TheScoreTest -->
